<?xml version="1.0" encoding="UTF-8"?>
<!-- Generated by org.testng.reporters.JUnitReportReporter -->
<testsuite hostname="LAPTOP-5M6A98T7" name="testCases.Testcase2" tests="1" failures="0" timestamp="1 Sep 2019 18:35:23 GMT" time="38.351" errors="0">
  <testcase name="loginPage" time="38.351" classname="testCases.Testcase2"/>
</testsuite> <!-- testCases.Testcase2 -->
