<?xml version="1.0" encoding="UTF-8"?>
<!-- Generated by org.testng.reporters.JUnitReportReporter -->
<testsuite hostname="LAPTOP-5M6A98T7" name="testCases.Demo" tests="1" failures="0" timestamp="31 Aug 2019 18:36:20 GMT" time="9.626" errors="0">
  <testcase name="test" time="9.626" classname="testCases.Demo"/>
</testsuite> <!-- testCases.Demo -->
