<?xml version="1.0" encoding="UTF-8"?>
<!-- Generated by org.testng.reporters.JUnitReportReporter -->
<testsuite hostname="LAPTOP-5M6A98T7" name="testCases.Testcase01" tests="1" failures="0" timestamp="1 Sep 2019 13:03:42 GMT" time="9.429" errors="0">
  <testcase name="loginPage" time="9.429" classname="testCases.Testcase01"/>
</testsuite> <!-- testCases.Testcase01 -->
