<?xml version="1.0" encoding="UTF-8"?>
<!-- Generated by org.testng.reporters.JUnitReportReporter -->
<testsuite hostname="LAPTOP-5M6A98T7" name="testCases.EndToEndScenario" tests="1" failures="0" timestamp="8 Sep 2019 09:43:52 GMT" time="73.499" errors="0">
  <testcase name="hrmTestCase" time="73.499" classname="testCases.EndToEndScenario"/>
</testsuite> <!-- testCases.EndToEndScenario -->
