<?xml version="1.0" encoding="UTF-8"?>
<!-- Generated by org.testng.reporters.JUnitReportReporter -->
<testsuite hostname="LAPTOP-5M6A98T7" name="demo.ExcelReading" tests="1" failures="0" timestamp="2 Sep 2019 16:17:54 GMT" time="1.034" errors="0">
  <testcase name="excelReadingData" time="1.034" classname="demo.ExcelReading"/>
</testsuite> <!-- demo.ExcelReading -->
