<?xml version="1.0" encoding="UTF-8"?>
<!-- Generated by org.testng.reporters.JUnitReportReporter -->
<testsuite hostname="LAPTOP-5M6A98T7" name="demo.ExcelReading3" tests="1" failures="0" timestamp="2 Sep 2019 17:32:43 GMT" time="0.540" errors="0">
  <testcase name="excelReadingData" time="0.540" classname="demo.ExcelReading3"/>
</testsuite> <!-- demo.ExcelReading3 -->
