<?xml version="1.0" encoding="UTF-8"?>
<!-- Generated by org.testng.reporters.JUnitReportReporter -->
<testsuite hostname="LAPTOP-5M6A98T7" name="demo.ExcelReading2" tests="1" failures="0" timestamp="2 Sep 2019 16:41:50 GMT" time="0.557" errors="0">
  <testcase name="excelReadingData" time="0.557" classname="demo.ExcelReading2"/>
</testsuite> <!-- demo.ExcelReading2 -->
